           3
 # E_K:   0.0000000000000000      E_V:  -3.4904093738661601E-002 E_tot:  -3.4904093738661601E-002
   0.0000000000000000        0.0000000000000000        0.0000000000000000     
   0.0000000000000000        0.0000000000000000       0.50000000000000000     
  0.10000000000000001       0.20000000000000001      -0.50000000000000000     
           3
 # E_K:   6.8787084559754199E-038 E_V:  -3.4904093738661601E-002 E_tot:  -3.4904093738661601E-002
   0.0000000000000000        0.0000000000000000        0.0000000000000000     
   0.0000000000000000        0.0000000000000000       0.50000000000000000     
  0.10000000000000001       0.20000000000000001      -0.50000000000000000     
           3
 # E_K:   2.7514833823901680E-037 E_V:  -3.4904093738661601E-002 E_tot:  -3.4904093738661601E-002
   0.0000000000000000        0.0000000000000000        0.0000000000000000     
   0.0000000000000000        0.0000000000000000       0.50000000000000000     
  0.10000000000000001       0.20000000000000001      -0.50000000000000000     
           3
 # E_K:   6.1908376103778780E-037 E_V:  -3.4904093738661601E-002 E_tot:  -3.4904093738661601E-002
   0.0000000000000000        0.0000000000000000        0.0000000000000000     
   0.0000000000000000        0.0000000000000000       0.50000000000000000     
  0.10000000000000001       0.20000000000000001      -0.50000000000000000     
           3
 # E_K:   1.1005933529560672E-036 E_V:  -3.4904093738661601E-002 E_tot:  -3.4904093738661601E-002
   0.0000000000000000        0.0000000000000000        0.0000000000000000     
   0.0000000000000000        0.0000000000000000       0.50000000000000000     
  0.10000000000000001       0.20000000000000001      -0.50000000000000000     
           3
 # E_K:   1.7196771139938547E-036 E_V:  -3.4904093738661601E-002 E_tot:  -3.4904093738661601E-002
   0.0000000000000000        0.0000000000000000        0.0000000000000000     
   0.0000000000000000        0.0000000000000000       0.50000000000000000     
  0.10000000000000001       0.20000000000000001      -0.50000000000000000     
